<?xml version="1.0" encoding="UTF-8"?>
<!-- Generated by org.testng.reporters.JUnitXMLReporter -->
<testsuite ignored="3" hostname="Desktop-Monitor-2nd-Floor-Room3" failures="0" tests="6" name="Test(failed)" time="0.185" errors="0" timestamp="2024-05-06T19:51:08 IST">
  <testcase classname="com.actitime.testscript.ProjectModule" name="modifyProject" time="0.012"/>
  <testcase classname="com.actitime.testscript.UserModule" name="deleteUser" time="0.005"/>
  <testcase classname="com.actitime.testscript.UserModule" name="createUser" time="0.008"/>
  <testcase classname="com.actitime.testscript.CustomerModule" name="createCustomer" time="0.006"/>
  <testcase classname="com.actitime.testscript.CustomerModule" name="deleteCustomer" time="0.005"/>
  <testcase classname="com.actitime.testscript.CustomerModule" name="modifyCustomer" time="0.003"/>
  <testcase classname="com.actitime.testscript.ProjectModule" name="deleteProject" time="0.0">
    <ignored/>
  </testcase> <!-- deleteProject -->
  <testcase classname="com.actitime.testscript.UserModule" name="modifyUser" time="0.0">
    <ignored/>
  </testcase> <!-- modifyUser -->
  <testcase classname="com.actitime.testscript.ProjectModule" name="createProject" time="0.0">
    <ignored/>
  </testcase> <!-- createProject -->
</testsuite> <!-- Test(failed) -->
